<?xml version="1.0" encoding="utf-8"?><testsuites name="pytest tests"><testsuite name="pytest" errors="0" failures="0" skipped="0" tests="37" time="7.732" timestamp="2026-08-19T03:44:36.834457+00:00" hostname="agent-env-4af3b1db-bb23-46e3-818d-84ca81919cdf"><testcase classname="tests.test_buntooz_matchmaker.TestPublic" name="test_root" time="0.168" /><testcase classname="tests.test_buntooz_matchmaker.TestPublic" name="test_categories" time="0.250" /><testcase classname="tests.test_buntooz_matchmaker.TestPublic" name="test_service_types" time="0.100" /><testcase classname="tests.test_buntooz_matchmaker.TestPublic" name="test_stats" time="0.120" /><testcase classname="tests.test_buntooz_matchmaker.TestMatchmakingFlow" name="test_request_appears_in_dashboard" time="0.732" /><testcase classname="tests.test_buntooz_matchmaker.TestPublic" name="test_removed_endpoints[/services]" time="0.123" /><testcase classname="tests.test_buntooz_matchmaker.TestPublic" name="test_removed_endpoints[/bookings]" time="0.112" /><testcase classname="tests.test_buntooz_matchmaker.TestPublic" name="test_removed_endpoints[/payments/checkout]" time="0.251" /><testcase classname="tests.test_buntooz_matchmaker.TestMatchmakingFlow" name="test_leads_masked_for_provider" time="0.763" /><testcase classname="tests.test_buntooz_matchmaker.TestUploads" name="test_reject_non_image" time="0.525" /><testcase classname="tests.test_buntooz_matchmaker.TestMatchmakingFlow" name="test_lead_filters" time="0.115" /><testcase classname="tests.test_buntooz_matchmaker.TestMatchmakingFlow" name="test_unverified_pro_cannot_quote" time="0.712" /><testcase classname="tests.test_buntooz_matchmaker.TestUploads" name="test_upload_and_serve" time="0.485" /><testcase classname="tests.test_buntooz_matchmaker.TestUploads" name="test_path_traversal" time="0.109" /><testcase classname="tests.test_buntooz_matchmaker.TestUploads" name="test_upload_requires_auth" time="0.095" /><testcase classname="tests.test_buntooz_matchmaker.TestMatchmakingFlow" name="test_quote_validation" time="0.249" /><testcase classname="tests.test_buntooz_matchmaker.TestUploads" name="test_large_file" time="0.483" /><testcase classname="tests.test_buntooz_matchmaker.TestMatchmakingFlow" name="test_pro_quotes_and_duplicate" time="0.331" /><testcase classname="tests.test_buntooz_matchmaker.TestAuth" name="test_login_and_me" time="0.179" /><testcase classname="tests.test_buntooz_matchmaker.TestMatchmakingFlow" name="test_leads_already_quoted_flag" time="0.157" /><testcase classname="tests.test_buntooz_matchmaker.TestAuth" name="test_login_bad" time="0.135" /><testcase classname="tests.test_buntooz_matchmaker.TestMatchmakingFlow" name="test_customer_sees_quotes_masked" time="0.103" /><testcase classname="tests.test_buntooz_matchmaker.TestAuth" name="test_unauth_requests_401" time="0.208" /><testcase classname="tests.test_buntooz_matchmaker.TestMatchmakingFlow" name="test_accept_quote" time="1.324" /><testcase classname="tests.test_buntooz_matchmaker.TestAuth" name="test_register_customer_and_provider" time="1.364" /><testcase classname="tests.test_buntooz_matchmaker.TestMatchmakingFlow" name="test_contact_revealed_after_accept" time="0.201" /><testcase classname="tests.test_buntooz_matchmaker.TestRoles" name="test_customer_cannot_read_leads" time="0.313" /><testcase classname="tests.test_buntooz_matchmaker.TestRoles" name="test_customer_cannot_read_admin" time="0.165" /><testcase classname="tests.test_buntooz_matchmaker.TestMatchmakingFlow" name="test_close_request" time="1.000" /><testcase classname="tests.test_buntooz_matchmaker.TestRoles" name="test_provider_cannot_post_request" time="0.454" /><testcase classname="tests.test_buntooz_matchmaker.TestRequestValidation" name="test_short_desc" time="0.309" /><testcase classname="tests.test_buntooz_matchmaker.TestAdminAndProfile" name="test_admin_list_providers" time="0.438" /><testcase classname="tests.test_buntooz_matchmaker.TestRequestValidation" name="test_unknown_service_type" time="0.111" /><testcase classname="tests.test_buntooz_matchmaker.TestAdminAndProfile" name="test_verify_toggle" time="0.698" /><testcase classname="tests.test_buntooz_matchmaker.TestRequestValidation" name="test_budget_min_gt_max" time="0.316" /><testcase classname="tests.test_buntooz_matchmaker.TestBruteForce" name="test_lockout_after_5" time="0.749" /><testcase classname="tests.test_buntooz_matchmaker.TestAdminAndProfile" name="test_provider_profile_persistence" time="0.267" /></testsuite></testsuites>