<?xml version="1.0" encoding="utf-8"?><testsuites name="pytest tests"><testsuite name="pytest" errors="0" failures="2" skipped="0" tests="15" time="14.352" timestamp="2026-08-13T05:22:47.071159+00:00" hostname="agent-env-4af3b1db-bb23-46e3-818d-84ca81919cdf"><testcase classname="tests.test_donely_iteration2.TestBookingCreation" name="test_booking_geocodes_address" time="0.870" /><testcase classname="tests.test_donely_iteration2.TestCronSweep" name="test_cron_requires_auth" time="0.394" /><testcase classname="tests.test_donely_iteration2.TestCronSweep" name="test_cron_success" time="0.097" /><testcase classname="tests.test_donely_iteration2.TestCronSweep" name="test_admin_sweep_returns_scan_stats" time="0.435" /><testcase classname="tests.test_donely_iteration2.TestBookingCreation" name="test_recurrence_validation" time="0.591" /><testcase classname="tests.test_donely_iteration2.TestProviderFeed" name="test_feed_shows_unassigned_paid" time="3.470"><failure message="subprocess.CalledProcessError: Command '['python', '-c', &quot;\nimport asyncio, sys; sys.path.insert(0,'/app/backend')\nfrom server import db\nfrom bson import ObjectId\nasyncio.run(db.bookings.update_one({'_id': ObjectId('6a7d54a9d6cb8769c075ef21')}, {'$set': {'provider_id': None, 'status':'confirmed'}}))\n&quot;]' returned non-zero exit status 1.">backend/tests/test_donely_iteration2.py:139: in test_feed_shows_unassigned_paid
    subprocess.run(["python", "-c", f"""
/usr/local/lib/python3.11/subprocess.py:571: in run
    raise CalledProcessError(retcode, process.args,
E   subprocess.CalledProcessError: Command '['python', '-c', "\nimport asyncio, sys; sys.path.insert(0,'/app/backend')\nfrom server import db\nfrom bson import ObjectId\nasyncio.run(db.bookings.update_one({'_id': ObjectId('6a7d54a9d6cb8769c075ef21')}, {'$set': {'provider_id': None, 'status':'confirmed'}}))\n"]' returned non-zero exit status 1.</failure></testcase><testcase classname="tests.test_donely_iteration2.TestBookingCreation" name="test_recurrence_weekly_accepted" time="0.544" /><testcase classname="tests.test_donely_iteration2.TestRatings" name="test_only_completed_can_be_rated" time="0.797" /><testcase classname="tests.test_donely_iteration2.TestRatings" name="test_other_customer_cannot_rate" time="1.293" /><testcase classname="tests.test_donely_iteration2.TestDeclinePromotesBackup" name="test_decline_promotes" time="3.152" /><testcase classname="tests.test_donely_iteration2.TestProviderFeed" name="test_claim_and_conflict" time="3.013"><failure message="subprocess.CalledProcessError: Command '['python', '-c', &quot;\nimport asyncio, sys; sys.path.insert(0,'/app/backend')\nfrom server import db\nfrom bson import ObjectId\nasyncio.run(db.bookings.update_one({'_id': ObjectId('6a7d54acd6cb8769c075ef27')}, {'$set': {'provider_id': None, 'status':'confirmed'}}))\n&quot;]' returned non-zero exit status 1.">backend/tests/test_donely_iteration2.py:155: in test_claim_and_conflict
    subprocess.run(["python", "-c", f"""
/usr/local/lib/python3.11/subprocess.py:571: in run
    raise CalledProcessError(retcode, process.args,
E   subprocess.CalledProcessError: Command '['python', '-c', "\nimport asyncio, sys; sys.path.insert(0,'/app/backend')\nfrom server import db\nfrom bson import ObjectId\nasyncio.run(db.bookings.update_one({'_id': ObjectId('6a7d54acd6cb8769c075ef27')}, {'$set': {'provider_id': None, 'status':'confirmed'}}))\n"]' returned non-zero exit status 1.</failure></testcase><testcase classname="tests.test_donely_iteration2.TestCheckIn" name="test_check_in_sets_timestamp" time="3.114" /><testcase classname="tests.test_donely_iteration2.TestAutoDispatchOnPaid" name="test_auto_dispatch_after_confirm" time="2.070" /><testcase classname="tests.test_donely_iteration2.TestRecurring" name="test_completing_recurring_spawns_next" time="4.262" /><testcase classname="tests.test_donely_iteration2.TestProofOfWork" name="test_non_image_rejected" time="3.109" /></testsuite></testsuites>