<?xml version="1.0" encoding="utf-8"?><testsuites name="pytest tests"><testsuite name="pytest" errors="0" failures="0" skipped="0" tests="39" time="22.470" timestamp="2026-08-13T05:23:37.965958+00:00" hostname="agent-env-4af3b1db-bb23-46e3-818d-84ca81919cdf"><testcase classname="tests.test_donely_backend.TestCatalog" name="test_root" time="0.110" /><testcase classname="tests.test_donely_backend.TestAuth" name="test_login_customer" time="0.371" /><testcase classname="tests.test_donely_backend.TestCatalog" name="test_categories" time="0.304" /><testcase classname="tests.test_donely_backend.TestAuth" name="test_login_provider" time="0.322" /><testcase classname="tests.test_donely_backend.TestCatalog" name="test_services_list" time="0.280" /><testcase classname="tests.test_donely_backend.TestAuth" name="test_login_admin" time="0.322" /><testcase classname="tests.test_donely_backend.TestCatalog" name="test_service_detail" time="0.322" /><testcase classname="tests.test_donely_backend.TestAuth" name="test_me_endpoint" time="0.450" /><testcase classname="tests.test_donely_backend.TestCatalog" name="test_service_detail_404" time="0.093" /><testcase classname="tests.test_donely_backend.TestCatalog" name="test_stats" time="0.254" /><testcase classname="tests.test_donely_backend.TestSecurity" name="test_bookings_unauth" time="0.108" /><testcase classname="tests.test_donely_backend.TestAuth" name="test_me_unauth" time="0.084" /><testcase classname="tests.test_donely_backend.TestSecurity" name="test_admin_providers_unauth" time="0.092" /><testcase classname="tests.test_donely_backend.TestAuth" name="test_login_cookies_set" time="0.317" /><testcase classname="tests.test_donely_backend.TestSecurity" name="test_admin_providers_customer_forbidden" time="0.808" /><testcase classname="tests.test_donely_backend.TestAuth" name="test_register_customer" time="0.506" /><testcase classname="tests.test_donely_backend.TestAuth" name="test_register_provider_creates_profile" time="0.784" /><testcase classname="tests.test_donely_backend.TestSecurity" name="test_brute_force_lockout" time="1.104" /><testcase classname="tests.test_donely_iteration2.TestBookingCreation" name="test_booking_geocodes_address" time="0.697" /><testcase classname="tests.test_donely_backend.TestBookingFlow" name="test_create_booking" time="1.443" /><testcase classname="tests.test_donely_iteration2.TestBookingCreation" name="test_recurrence_validation" time="0.421" /><testcase classname="tests.test_donely_iteration2.TestBookingCreation" name="test_recurrence_weekly_accepted" time="0.474" /><testcase classname="tests.test_donely_iteration2.TestCronSweep" name="test_cron_requires_auth" time="0.188" /><testcase classname="tests.test_donely_backend.TestBookingFlow" name="test_stripe_checkout_session" time="1.295" /><testcase classname="tests.test_donely_iteration2.TestCronSweep" name="test_cron_success" time="0.295" /><testcase classname="tests.test_donely_iteration2.TestCronSweep" name="test_admin_sweep_returns_scan_stats" time="0.979" /><testcase classname="tests.test_donely_iteration2.TestProviderFeed" name="test_feed_shows_unassigned_paid" time="2.629" /><testcase classname="tests.test_donely_backend.TestBookingFlow" name="test_payment_status_endpoint" time="0.220" /><testcase classname="tests.test_donely_backend.TestBookingFlow" name="test_customer_bookings_visible" time="0.586" /><testcase classname="tests.test_donely_backend.TestAdminAssign" name="test_admin_assign_flow" time="1.809" /><testcase classname="tests.test_donely_backend.TestProviderTransitions" name="test_provider_transitions_and_gating" time="4.298" /><testcase classname="tests.test_donely_iteration2.TestProviderFeed" name="test_claim_and_conflict" time="2.573" /><testcase classname="tests.test_donely_iteration2.TestRatings" name="test_only_completed_can_be_rated" time="0.856" /><testcase classname="tests.test_donely_iteration2.TestRatings" name="test_other_customer_cannot_rate" time="1.309" /><testcase classname="tests.test_donely_iteration2.TestAutoDispatchOnPaid" name="test_auto_dispatch_after_confirm" time="1.840" /><testcase classname="tests.test_donely_iteration2.TestCheckIn" name="test_check_in_sets_timestamp" time="2.993" /><testcase classname="tests.test_donely_iteration2.TestDeclinePromotesBackup" name="test_decline_promotes" time="3.178" /><testcase classname="tests.test_donely_iteration2.TestProofOfWork" name="test_non_image_rejected" time="3.090" /><testcase classname="tests.test_donely_iteration2.TestRecurring" name="test_completing_recurring_spawns_next" time="3.737" /></testsuite></testsuites>