<?xml version="1.0" encoding="utf-8"?><testsuites name="pytest tests"><testsuite name="pytest" errors="0" failures="4" skipped="0" tests="24" time="7.909" timestamp="2026-08-13T05:02:51.477010+00:00" hostname="agent-env-4af3b1db-bb23-46e3-818d-84ca81919cdf"><testcase classname="tests.test_donely_backend.TestCatalog" name="test_root" time="0.114" /><testcase classname="tests.test_donely_backend.TestAuth" name="test_login_customer" time="0.373" /><testcase classname="tests.test_donely_backend.TestCatalog" name="test_categories" time="0.260" /><testcase classname="tests.test_donely_backend.TestAuth" name="test_login_provider" time="0.327" /><testcase classname="tests.test_donely_backend.TestCatalog" name="test_services_list" time="0.094" /><testcase classname="tests.test_donely_backend.TestCatalog" name="test_service_detail" time="0.232" /><testcase classname="tests.test_donely_backend.TestAuth" name="test_login_admin" time="0.340" /><testcase classname="tests.test_donely_backend.TestCatalog" name="test_service_detail_404" time="0.094" /><testcase classname="tests.test_donely_backend.TestCatalog" name="test_stats" time="0.247" /><testcase classname="tests.test_donely_backend.TestAuth" name="test_me_endpoint" time="0.414" /><testcase classname="tests.test_donely_backend.TestSecurity" name="test_bookings_unauth" time="0.091" /><testcase classname="tests.test_donely_backend.TestSecurity" name="test_admin_providers_unauth" time="0.229" /><testcase classname="tests.test_donely_backend.TestSecurity" name="test_admin_providers_customer_forbidden" time="0.450" /><testcase classname="tests.test_donely_backend.TestAuth" name="test_me_unauth" time="0.262" /><testcase classname="tests.test_donely_backend.TestAuth" name="test_login_cookies_set" time="0.346" /><testcase classname="tests.test_donely_backend.TestSecurity" name="test_brute_force_lockout" time="1.332"><failure message="AssertionError: no lockout observed, got [401, 401, 401, 401, 401, 401]&#10;assert 429 in [401, 401]">E   AssertionError: no lockout observed, got [401, 401, 401, 401, 401, 401]
    assert 429 in [401, 401]</failure></testcase><testcase classname="tests.test_donely_backend.TestAuth" name="test_register_customer" time="0.323"><failure message="AssertionError: assert 'access_token' in {'_id': '6a7d4ffe3f62ec4fe2069c0c', 'email': 'test_cust_66517a91@example.com', 'name': 'TEST Customer', 'role': 'customer', ...}&#10; +  where {'_id': '6a7d4ffe3f62ec4fe2069c0c', 'email': 'test_cust_66517a91@example.com', 'name': 'TEST Customer', 'role': 'customer', ...} = json()&#10; +    where json = &lt;Response [200]&gt;.json">E   AssertionError: assert 'access_token' in {'_id': '6a7d4ffe3f62ec4fe2069c0c', 'email': 'test_cust_66517a91@example.com', 'name': 'TEST Customer', 'role': 'customer', ...}
     +  where {'_id': '6a7d4ffe3f62ec4fe2069c0c', 'email': 'test_cust_66517a91@example.com', 'name': 'TEST Customer', 'role': 'customer', ...} = json()
     +    where json = &lt;Response [200]&gt;.json</failure></testcase><testcase classname="tests.test_donely_backend.TestAuth" name="test_register_provider_creates_profile" time="0.333"><failure message="KeyError: 'access_token'">E   KeyError: 'access_token'</failure></testcase><testcase classname="tests.test_donely_backend.TestAdminAssign" name="test_admin_assign_flow" time="1.340" /><testcase classname="tests.test_donely_backend.TestBookingFlow" name="test_create_booking" time="0.572" /><testcase classname="tests.test_donely_backend.TestBookingFlow" name="test_stripe_checkout_session" time="1.152" /><testcase classname="tests.test_donely_backend.TestProviderTransitions" name="test_provider_transitions_and_gating" time="3.330"><failure message="KeyError: 'access_token'">E   KeyError: 'access_token'</failure></testcase><testcase classname="tests.test_donely_backend.TestBookingFlow" name="test_payment_status_endpoint" time="0.356" /><testcase classname="tests.test_donely_backend.TestBookingFlow" name="test_customer_bookings_visible" time="0.568" /></testsuite></testsuites>